{
  "stats": {
    "suites": 2,
    "tests": 2,
    "passes": 2,
    "pending": 0,
    "failures": 0,
    "start": "2022-05-04T18:12:13.165Z",
    "end": "2022-05-04T18:12:24.576Z",
    "duration": 11411,
    "testsRegistered": 2,
    "passPercent": 100,
    "pendingPercent": 0,
    "other": 0,
    "hasOther": false,
    "skipped": 0,
    "hasSkipped": false
  },
  "results": [
    {
      "uuid": "cfa5265b-8906-486b-8c03-2b58151fb6e0",
      "title": "",
      "fullFile": "",
      "file": "",
      "beforeHooks": [],
      "afterHooks": [],
      "tests": [],
      "suites": [
        {
          "uuid": "f39ecee7-812c-44ec-98df-903af07dea23",
          "title": "Adding new user in Chrome Browser",
          "fullFile": "C:\\Users\\PC\\Desktop\\UpdatedHomework\\test\\demoqaPageChrome.js",
          "file": "\\test\\demoqaPageChrome.js",
          "beforeHooks": [],
          "afterHooks": [],
          "tests": [
            {
              "title": "Successfully addition of the new user in Chrome Browser",
              "fullTitle": "Adding new user in Chrome Browser Successfully addition of the new user in Chrome Browser",
              "timedOut": null,
              "duration": 3669,
              "state": "passed",
              "speed": "slow",
              "pass": true,
              "fail": false,
              "pending": false,
              "context": null,
              "code": "//Input variables\n        let url = \"https://demoqa.com/text-box\";\n        let fullName = \"Name Surename\";\n        let testEmail = \"email@gmail.com\";\n        let adress = \"40, 18 Bagratunyats ave., Yerevan, RA\";\n        let driver = await new Builder().forBrowser(\"chrome\").build();\n        //Visiting DemoQA.com\n        await driver.get(url);\n        // Assertion that we are in the correct page\n        let currentUrl = await driver.getCurrentUrl()\n        expect(currentUrl).to.equal(url);\n        //Filling the Submit Form\n        let userNameField = await driver.findElement(By.id(\"userName\"));\n        let userEmailField = await driver.findElement(By.id(\"userEmail\"));\n        let currentAddressField = await driver.findElement(By.id(\"currentAddress\"));\n        let permanentAddressField = await driver.findElement(By.id(\"permanentAddress\"));\n        userNameField.sendKeys(fullName);\n        userEmailField.sendKeys(testEmail);\n        currentAddressField.sendKeys(adress);\n        permanentAddressField.sendKeys(adress);\n        //Submitting the Form\n        await driver.findElement(By.id(\"submit\")).click();\n        //Assertions\n        let name = await driver.findElement(By.id(\"name\")).getText()\n        let email = await driver.findElement(By.id(\"email\")).getText()\n        let currentAddressCheck = await driver.findElement(By.css('#currentAddress:nth-child(3)')).getText()\n        let permanentAddressCheck = await driver.findElement(By.css('#permanentAddress:last-child.mb-1')).getText()\n        expect(name).to.contain(fullName);\n        expect(email).to.contain(testEmail);\n        expect(currentAddressCheck).to.contain(adress);\n        expect(permanentAddressCheck).to.contain(adress);\n        //Closing the browser\n        await driver.quit();",
              "err": {},
              "uuid": "ef065f06-8712-4bce-9843-86df52a4d788",
              "parentUUID": null,
              "isHook": false,
              "skipped": false
            }
          ],
          "suites": [],
          "passes": [
            "ef065f06-8712-4bce-9843-86df52a4d788"
          ],
          "failures": [],
          "pending": [],
          "skipped": [],
          "duration": 3669,
          "root": false,
          "rootEmpty": false,
          "_timeout": null
        },
        {
          "uuid": "fe7d9f10-f6bc-4832-b54c-b7ba7c65ca68",
          "title": "Adding new user in Firefox Browser",
          "fullFile": "C:\\Users\\PC\\Desktop\\UpdatedHomework\\test\\demoqaPageFirefox.js",
          "file": "\\test\\demoqaPageFirefox.js",
          "beforeHooks": [],
          "afterHooks": [],
          "tests": [
            {
              "title": "Successfully addition of the new user in Firefox Browser",
              "fullTitle": "Adding new user in Firefox Browser Successfully addition of the new user in Firefox Browser",
              "timedOut": null,
              "duration": 10989,
              "state": "passed",
              "speed": "slow",
              "pass": true,
              "fail": false,
              "pending": false,
              "context": null,
              "code": "//Input variables\nlet url = \"https://demoqa.com/text-box\";\nlet fullName = \"Name Surename\";\nlet testEmail = \"email@gmail.com\";\nlet adress = \"40, 18 Bagratunyats ave., Yerevan, RA\";\nlet driver = await new Builder().forBrowser(\"firefox\").build();\n//Visiting DemoQA.com\nawait driver.get(url);\n// Assertion that we are in the correct page\nlet currentUrl = await driver.getCurrentUrl()\nexpect(currentUrl).to.equal(url);\n//Filling the Submit Form\nlet userNameField = await driver.findElement(By.id(\"userName\"));\nlet userEmailField = await driver.findElement(By.id(\"userEmail\"));\nlet currentAddressField = await driver.findElement(By.id(\"currentAddress\"));\nlet permanentAddressField = await driver.findElement(By.id(\"permanentAddress\"));\nuserNameField.sendKeys(fullName);\nuserEmailField.sendKeys(testEmail);\ncurrentAddressField.sendKeys(adress);\npermanentAddressField.sendKeys(adress);\n//Submitting the Form\nawait driver.findElement(By.id(\"submit\")).click();\n//Assertions\nlet name = await driver.findElement(By.id(\"name\")).getText()\nlet email = await driver.findElement(By.id(\"email\")).getText()\nlet currentAddressCheck = await driver.findElement(By.css('#currentAddress:nth-child(3)')).getText()\nlet permanentAddressCheck = await driver.findElement(By.css('#permanentAddress:last-child.mb-1')).getText()\nexpect(name).to.contain(fullName);\nexpect(email).to.contain(testEmail);\nexpect(currentAddressCheck).to.contain(adress);\nexpect(permanentAddressCheck).to.contain(adress);\n//Closing the browser\nawait driver.quit();",
              "err": {},
              "uuid": "919de6c0-5133-4482-87b4-5d846a07453d",
              "parentUUID": null,
              "isHook": false,
              "skipped": false
            }
          ],
          "suites": [],
          "passes": [
            "919de6c0-5133-4482-87b4-5d846a07453d"
          ],
          "failures": [],
          "pending": [],
          "skipped": [],
          "duration": 10989,
          "root": false,
          "rootEmpty": false,
          "_timeout": null
        }
      ],
      "passes": [],
      "failures": [],
      "pending": [],
      "skipped": [],
      "duration": 0,
      "root": true,
      "rootEmpty": true,
      "_timeout": 0
    }
  ],
  "meta": {
    "mocha": {
      "version": "10.0.0"
    },
    "mochawesome": {
      "options": {
        "quiet": false,
        "reportFilename": "FinalReport",
        "saveHtml": true,
        "saveJson": true,
        "consoleReporter": "spec",
        "useInlineDiffs": false,
        "code": true
      },
      "version": "7.1.3"
    },
    "marge": {
      "options": {
        "reportFilename": "FinalReport"
      },
      "version": "6.2.0"
    }
  }
}